Replace Part * TM4C123GH6PM in C:\Users\Administrator\Desktop\BLP\Phased_Array_PCB\July24\Final Design.SchDoc with TM4C123GH6PM from Schlib1.SchLib
Replace Part 1 TC4428 in C:\Users\Administrator\Desktop\BLP\Phased_Array_PCB\July24\Final Design.SchDoc with TC4428 from Schlib1.SchLib
Replace Part 1.1 Capacitor in C:\Users\Administrator\Desktop\BLP\Phased_Array_PCB\July24\Final Design.SchDoc with Capacitor from Schlib1.SchLib
Replace Part 1.2 Capacitor in C:\Users\Administrator\Desktop\BLP\Phased_Array_PCB\July24\Final Design.SchDoc with Capacitor from Schlib1.SchLib
Replace Part 2 TC4428 in C:\Users\Administrator\Desktop\BLP\Phased_Array_PCB\July24\Final Design.SchDoc with TC4428 from Schlib1.SchLib
Replace Part 2.1 Capacitor in C:\Users\Administrator\Desktop\BLP\Phased_Array_PCB\July24\Final Design.SchDoc with Capacitor from Schlib1.SchLib
Replace Part 2.2 Capacitor in C:\Users\Administrator\Desktop\BLP\Phased_Array_PCB\July24\Final Design.SchDoc with Capacitor from Schlib1.SchLib
Replace Part 3 TC4428 in C:\Users\Administrator\Desktop\BLP\Phased_Array_PCB\July24\Final Design.SchDoc with TC4428 from Schlib1.SchLib
Replace Part 3.1 Capacitor in C:\Users\Administrator\Desktop\BLP\Phased_Array_PCB\July24\Final Design.SchDoc with Capacitor from Schlib1.SchLib
Replace Part 3.2 Capacitor in C:\Users\Administrator\Desktop\BLP\Phased_Array_PCB\July24\Final Design.SchDoc with Capacitor from Schlib1.SchLib
Replace Part 4 TC4428 in C:\Users\Administrator\Desktop\BLP\Phased_Array_PCB\July24\Final Design.SchDoc with TC4428 from Schlib1.SchLib
Replace Part 4.1 Capacitor in C:\Users\Administrator\Desktop\BLP\Phased_Array_PCB\July24\Final Design.SchDoc with Capacitor from Schlib1.SchLib
Replace Part 4.2 Capacitor in C:\Users\Administrator\Desktop\BLP\Phased_Array_PCB\July24\Final Design.SchDoc with Capacitor from Schlib1.SchLib
Replace Part 5 TC4428 in C:\Users\Administrator\Desktop\BLP\Phased_Array_PCB\July24\Final Design.SchDoc with TC4428 from Schlib1.SchLib
Replace Part 5.1 Capacitor in C:\Users\Administrator\Desktop\BLP\Phased_Array_PCB\July24\Final Design.SchDoc with Capacitor from Schlib1.SchLib
Replace Part 5.2 Capacitor in C:\Users\Administrator\Desktop\BLP\Phased_Array_PCB\July24\Final Design.SchDoc with Capacitor from Schlib1.SchLib
Replace Part 6 TC4428 in C:\Users\Administrator\Desktop\BLP\Phased_Array_PCB\July24\Final Design.SchDoc with TC4428 from Schlib1.SchLib
Replace Part 6.1 Capacitor in C:\Users\Administrator\Desktop\BLP\Phased_Array_PCB\July24\Final Design.SchDoc with Capacitor from Schlib1.SchLib
Replace Part 6.2 Capacitor in C:\Users\Administrator\Desktop\BLP\Phased_Array_PCB\July24\Final Design.SchDoc with Capacitor from Schlib1.SchLib
Replace Part 7 TC4428 in C:\Users\Administrator\Desktop\BLP\Phased_Array_PCB\July24\Final Design.SchDoc with TC4428 from Schlib1.SchLib
Replace Part 7.1 Capacitor in C:\Users\Administrator\Desktop\BLP\Phased_Array_PCB\July24\Final Design.SchDoc with Capacitor from Schlib1.SchLib
Replace Part 7.2 Capacitor in C:\Users\Administrator\Desktop\BLP\Phased_Array_PCB\July24\Final Design.SchDoc with Capacitor from Schlib1.SchLib
Replace Part 8 TC4428 in C:\Users\Administrator\Desktop\BLP\Phased_Array_PCB\July24\Final Design.SchDoc with TC4428 from Schlib1.SchLib
Replace Part 8.1 Capacitor in C:\Users\Administrator\Desktop\BLP\Phased_Array_PCB\July24\Final Design.SchDoc with Capacitor from Schlib1.SchLib
Replace Part 8.2 Capacitor in C:\Users\Administrator\Desktop\BLP\Phased_Array_PCB\July24\Final Design.SchDoc with Capacitor from Schlib1.SchLib
Replace Part 9 TC4428 in C:\Users\Administrator\Desktop\BLP\Phased_Array_PCB\July24\Final Design.SchDoc with TC4428 from Schlib1.SchLib
Replace Part 9.1 Capacitor in C:\Users\Administrator\Desktop\BLP\Phased_Array_PCB\July24\Final Design.SchDoc with Capacitor from Schlib1.SchLib
Replace Part 9.2 Capacitor in C:\Users\Administrator\Desktop\BLP\Phased_Array_PCB\July24\Final Design.SchDoc with Capacitor from Schlib1.SchLib
Replace Part 10 TC4428 in C:\Users\Administrator\Desktop\BLP\Phased_Array_PCB\July24\Final Design.SchDoc with TC4428 from Schlib1.SchLib
Replace Part 10.1 Capacitor in C:\Users\Administrator\Desktop\BLP\Phased_Array_PCB\July24\Final Design.SchDoc with Capacitor from Schlib1.SchLib
Replace Part 10.2 Capacitor in C:\Users\Administrator\Desktop\BLP\Phased_Array_PCB\July24\Final Design.SchDoc with Capacitor from Schlib1.SchLib
Replace Part 11 TC4428 in C:\Users\Administrator\Desktop\BLP\Phased_Array_PCB\July24\Final Design.SchDoc with TC4428 from Schlib1.SchLib
Replace Part 11.1 Capacitor in C:\Users\Administrator\Desktop\BLP\Phased_Array_PCB\July24\Final Design.SchDoc with Capacitor from Schlib1.SchLib
Replace Part 11.2 Capacitor in C:\Users\Administrator\Desktop\BLP\Phased_Array_PCB\July24\Final Design.SchDoc with Capacitor from Schlib1.SchLib
Replace Part 12 TC4428 in C:\Users\Administrator\Desktop\BLP\Phased_Array_PCB\July24\Final Design.SchDoc with TC4428 from Schlib1.SchLib
Replace Part 12.1 Capacitor in C:\Users\Administrator\Desktop\BLP\Phased_Array_PCB\July24\Final Design.SchDoc with Capacitor from Schlib1.SchLib
Replace Part 12.2 Capacitor in C:\Users\Administrator\Desktop\BLP\Phased_Array_PCB\July24\Final Design.SchDoc with Capacitor from Schlib1.SchLib
Replace Part 13 TC4428 in C:\Users\Administrator\Desktop\BLP\Phased_Array_PCB\July24\Final Design.SchDoc with TC4428 from Schlib1.SchLib
Replace Part 13.1 Capacitor in C:\Users\Administrator\Desktop\BLP\Phased_Array_PCB\July24\Final Design.SchDoc with Capacitor from Schlib1.SchLib
Replace Part 13.2 Capacitor in C:\Users\Administrator\Desktop\BLP\Phased_Array_PCB\July24\Final Design.SchDoc with Capacitor from Schlib1.SchLib
Replace Part 14 TC4428 in C:\Users\Administrator\Desktop\BLP\Phased_Array_PCB\July24\Final Design.SchDoc with TC4428 from Schlib1.SchLib
Replace Part 15 TC4428 in C:\Users\Administrator\Desktop\BLP\Phased_Array_PCB\July24\Final Design.SchDoc with TC4428 from Schlib1.SchLib
Replace Part 16 TC4428 in C:\Users\Administrator\Desktop\BLP\Phased_Array_PCB\July24\Final Design.SchDoc with TC4428 from Schlib1.SchLib
Replace Part 17 TC4428 in C:\Users\Administrator\Desktop\BLP\Phased_Array_PCB\July24\Final Design.SchDoc with TC4428 from Schlib1.SchLib
Replace Part 18 TC4428 in C:\Users\Administrator\Desktop\BLP\Phased_Array_PCB\July24\Final Design.SchDoc with TC4428 from Schlib1.SchLib
Replace Part 19 TC4428 in C:\Users\Administrator\Desktop\BLP\Phased_Array_PCB\July24\Final Design.SchDoc with TC4428 from Schlib1.SchLib
Replace Part 20 TC4428 in C:\Users\Administrator\Desktop\BLP\Phased_Array_PCB\July24\Final Design.SchDoc with TC4428 from Schlib1.SchLib
Replace Part 21 TC4428 in C:\Users\Administrator\Desktop\BLP\Phased_Array_PCB\July24\Final Design.SchDoc with TC4428 from Schlib1.SchLib
Replace Part 22 TC4428 in C:\Users\Administrator\Desktop\BLP\Phased_Array_PCB\July24\Final Design.SchDoc with TC4428 from Schlib1.SchLib
Replace Part 23 TC4428 in C:\Users\Administrator\Desktop\BLP\Phased_Array_PCB\July24\Final Design.SchDoc with TC4428 from Schlib1.SchLib
Replace Part 24 TC4428 in C:\Users\Administrator\Desktop\BLP\Phased_Array_PCB\July24\Final Design.SchDoc with TC4428 from Schlib1.SchLib
Replace Part ? Capacitor in C:\Users\Administrator\Desktop\BLP\Phased_Array_PCB\July24\Final Design.SchDoc with Capacitor from Schlib1.SchLib
Replace Part ? Capacitor in C:\Users\Administrator\Desktop\BLP\Phased_Array_PCB\July24\Final Design.SchDoc with Capacitor from Schlib1.SchLib
Replace Part ? Capacitor in C:\Users\Administrator\Desktop\BLP\Phased_Array_PCB\July24\Final Design.SchDoc with Capacitor from Schlib1.SchLib
Replace Part ? Capacitor in C:\Users\Administrator\Desktop\BLP\Phased_Array_PCB\July24\Final Design.SchDoc with Capacitor from Schlib1.SchLib
Replace Part ? Capacitor in C:\Users\Administrator\Desktop\BLP\Phased_Array_PCB\July24\Final Design.SchDoc with Capacitor from Schlib1.SchLib
Replace Part ? Capacitor in C:\Users\Administrator\Desktop\BLP\Phased_Array_PCB\July24\Final Design.SchDoc with Capacitor from Schlib1.SchLib
Replace Part ? Capacitor in C:\Users\Administrator\Desktop\BLP\Phased_Array_PCB\July24\Final Design.SchDoc with Capacitor from Schlib1.SchLib
Replace Part ? Capacitor in C:\Users\Administrator\Desktop\BLP\Phased_Array_PCB\July24\Final Design.SchDoc with Capacitor from Schlib1.SchLib
Replace Part ? Capacitor in C:\Users\Administrator\Desktop\BLP\Phased_Array_PCB\July24\Final Design.SchDoc with Capacitor from Schlib1.SchLib
Replace Part ? Capacitor in C:\Users\Administrator\Desktop\BLP\Phased_Array_PCB\July24\Final Design.SchDoc with Capacitor from Schlib1.SchLib
Replace Part ? Capacitor in C:\Users\Administrator\Desktop\BLP\Phased_Array_PCB\July24\Final Design.SchDoc with Capacitor from Schlib1.SchLib
Replace Part ? Capacitor in C:\Users\Administrator\Desktop\BLP\Phased_Array_PCB\July24\Final Design.SchDoc with Capacitor from Schlib1.SchLib
Replace Part ? Capacitor in C:\Users\Administrator\Desktop\BLP\Phased_Array_PCB\July24\Final Design.SchDoc with Capacitor from Schlib1.SchLib
Replace Part ? Capacitor in C:\Users\Administrator\Desktop\BLP\Phased_Array_PCB\July24\Final Design.SchDoc with Capacitor from Schlib1.SchLib
Replace Part ? Capacitor in C:\Users\Administrator\Desktop\BLP\Phased_Array_PCB\July24\Final Design.SchDoc with Capacitor from Schlib1.SchLib
Replace Part ? Capacitor in C:\Users\Administrator\Desktop\BLP\Phased_Array_PCB\July24\Final Design.SchDoc with Capacitor from Schlib1.SchLib
Replace Part ? Capacitor in C:\Users\Administrator\Desktop\BLP\Phased_Array_PCB\July24\Final Design.SchDoc with Capacitor from Schlib1.SchLib
Replace Part ? Capacitor in C:\Users\Administrator\Desktop\BLP\Phased_Array_PCB\July24\Final Design.SchDoc with Capacitor from Schlib1.SchLib
Replace Part ? Capacitor in C:\Users\Administrator\Desktop\BLP\Phased_Array_PCB\July24\Final Design.SchDoc with Capacitor from Schlib1.SchLib
Replace Part ? Capacitor in C:\Users\Administrator\Desktop\BLP\Phased_Array_PCB\July24\Final Design.SchDoc with Capacitor from Schlib1.SchLib
Replace Part ? Capacitor in C:\Users\Administrator\Desktop\BLP\Phased_Array_PCB\July24\Final Design.SchDoc with Capacitor from Schlib1.SchLib
Replace Part ? Capacitor in C:\Users\Administrator\Desktop\BLP\Phased_Array_PCB\July24\Final Design.SchDoc with Capacitor from Schlib1.SchLib
Replace Part Connector1 Connector in C:\Users\Administrator\Desktop\BLP\Phased_Array_PCB\July24\Final Design.SchDoc with Connector from Schlib1.SchLib
Replace Part Connector2 Connector in C:\Users\Administrator\Desktop\BLP\Phased_Array_PCB\July24\Final Design.SchDoc with Connector from Schlib1.SchLib
Replace Part Connector3 Connector in C:\Users\Administrator\Desktop\BLP\Phased_Array_PCB\July24\Final Design.SchDoc with Connector from Schlib1.SchLib
Replace Part Connector? Connector in C:\Users\Administrator\Desktop\BLP\Phased_Array_PCB\July24\Final Design.SchDoc with Connector from Schlib1.SchLib
Replace Part Connector? Connector in C:\Users\Administrator\Desktop\BLP\Phased_Array_PCB\July24\Final Design.SchDoc with Connector from Schlib1.SchLib
Replace Part Connector? Connector in C:\Users\Administrator\Desktop\BLP\Phased_Array_PCB\July24\Final Design.SchDoc with Connector from Schlib1.SchLib
