Replace Part * TM4C123GH6PM in C:\Users\Administrator\Desktop\Phased_Array_PCB\July29\Final Design.SchDoc with TM4C123GH6PM from Schlib1.SchLib
Replace Part 0.01uf Capacitor in C:\Users\Administrator\Desktop\Phased_Array_PCB\July29\Final Design.SchDoc with Capacitor from Schlib1.SchLib
Replace Part 0.01uf_1 Capacitor in C:\Users\Administrator\Desktop\Phased_Array_PCB\July29\Final Design.SchDoc with Capacitor from Schlib1.SchLib
Replace Part 0.1uf_1 Capacitor in C:\Users\Administrator\Desktop\Phased_Array_PCB\July29\Final Design.SchDoc with Capacitor from Schlib1.SchLib
Replace Part 0.01uf_2 Capacitor in C:\Users\Administrator\Desktop\Phased_Array_PCB\July29\Final Design.SchDoc with Capacitor from Schlib1.SchLib
Replace Part 0.1uf_2 Capacitor in C:\Users\Administrator\Desktop\Phased_Array_PCB\July29\Final Design.SchDoc with Capacitor from Schlib1.SchLib
Replace Part 0.01uf_3 Capacitor in C:\Users\Administrator\Desktop\Phased_Array_PCB\July29\Final Design.SchDoc with Capacitor from Schlib1.SchLib
Replace Part 0.1uf_3 Capacitor in C:\Users\Administrator\Desktop\Phased_Array_PCB\July29\Final Design.SchDoc with Capacitor from Schlib1.SchLib
Replace Part 1 TC4428 in C:\Users\Administrator\Desktop\Phased_Array_PCB\July29\Final Design.SchDoc with TC4428 from Schlib1.SchLib
Replace Part 1.1 Capacitor in C:\Users\Administrator\Desktop\Phased_Array_PCB\July29\Final Design.SchDoc with Capacitor from Schlib1.SchLib
Replace Part 1.2 Capacitor in C:\Users\Administrator\Desktop\Phased_Array_PCB\July29\Final Design.SchDoc with Capacitor from Schlib1.SchLib
Replace Part 1.5K Resistor in C:\Users\Administrator\Desktop\Phased_Array_PCB\July29\Final Design.SchDoc with Resistor from Schlib1.SchLib
Replace Part 1uf Capacitor in C:\Users\Administrator\Desktop\Phased_Array_PCB\July29\Final Design.SchDoc with Capacitor from Schlib1.SchLib
Replace Part 2 TC4428 in C:\Users\Administrator\Desktop\Phased_Array_PCB\July29\Final Design.SchDoc with TC4428 from Schlib1.SchLib
Replace Part 2.1 Capacitor in C:\Users\Administrator\Desktop\Phased_Array_PCB\July29\Final Design.SchDoc with Capacitor from Schlib1.SchLib
Replace Part 2.2 Capacitor in C:\Users\Administrator\Desktop\Phased_Array_PCB\July29\Final Design.SchDoc with Capacitor from Schlib1.SchLib
Replace Part 3 TC4428 in C:\Users\Administrator\Desktop\Phased_Array_PCB\July29\Final Design.SchDoc with TC4428 from Schlib1.SchLib
Replace Part 3.1 Capacitor in C:\Users\Administrator\Desktop\Phased_Array_PCB\July29\Final Design.SchDoc with Capacitor from Schlib1.SchLib
Replace Part 3.2 Capacitor in C:\Users\Administrator\Desktop\Phased_Array_PCB\July29\Final Design.SchDoc with Capacitor from Schlib1.SchLib
Replace Part 4 TC4428 in C:\Users\Administrator\Desktop\Phased_Array_PCB\July29\Final Design.SchDoc with TC4428 from Schlib1.SchLib
Replace Part 4.1 Capacitor in C:\Users\Administrator\Desktop\Phased_Array_PCB\July29\Final Design.SchDoc with Capacitor from Schlib1.SchLib
Replace Part 4.2 Capacitor in C:\Users\Administrator\Desktop\Phased_Array_PCB\July29\Final Design.SchDoc with Capacitor from Schlib1.SchLib
Replace Part 5 TC4428 in C:\Users\Administrator\Desktop\Phased_Array_PCB\July29\Final Design.SchDoc with TC4428 from Schlib1.SchLib
Replace Part 5.1 Capacitor in C:\Users\Administrator\Desktop\Phased_Array_PCB\July29\Final Design.SchDoc with Capacitor from Schlib1.SchLib
Replace Part 5.2 Capacitor in C:\Users\Administrator\Desktop\Phased_Array_PCB\July29\Final Design.SchDoc with Capacitor from Schlib1.SchLib
Replace Part 5V 3.3VPower in C:\Users\Administrator\Desktop\Phased_Array_PCB\July29\Final Design.SchDoc with 3.3VPower from Schlib1.SchLib
Replace Part 6 TC4428 in C:\Users\Administrator\Desktop\Phased_Array_PCB\July29\Final Design.SchDoc with TC4428 from Schlib1.SchLib
Replace Part 6.1 Capacitor in C:\Users\Administrator\Desktop\Phased_Array_PCB\July29\Final Design.SchDoc with Capacitor from Schlib1.SchLib
Replace Part 6.2 Capacitor in C:\Users\Administrator\Desktop\Phased_Array_PCB\July29\Final Design.SchDoc with Capacitor from Schlib1.SchLib
Replace Part 7 TC4428 in C:\Users\Administrator\Desktop\Phased_Array_PCB\July29\Final Design.SchDoc with TC4428 from Schlib1.SchLib
Replace Part 7.1 Capacitor in C:\Users\Administrator\Desktop\Phased_Array_PCB\July29\Final Design.SchDoc with Capacitor from Schlib1.SchLib
Replace Part 7.2 Capacitor in C:\Users\Administrator\Desktop\Phased_Array_PCB\July29\Final Design.SchDoc with Capacitor from Schlib1.SchLib
Replace Part 8 TC4428 in C:\Users\Administrator\Desktop\Phased_Array_PCB\July29\Final Design.SchDoc with TC4428 from Schlib1.SchLib
Replace Part 8.1 Capacitor in C:\Users\Administrator\Desktop\Phased_Array_PCB\July29\Final Design.SchDoc with Capacitor from Schlib1.SchLib
Replace Part 8.2 Capacitor in C:\Users\Administrator\Desktop\Phased_Array_PCB\July29\Final Design.SchDoc with Capacitor from Schlib1.SchLib
Replace Part 9 TC4428 in C:\Users\Administrator\Desktop\Phased_Array_PCB\July29\Final Design.SchDoc with TC4428 from Schlib1.SchLib
Replace Part 9.1 Capacitor in C:\Users\Administrator\Desktop\Phased_Array_PCB\July29\Final Design.SchDoc with Capacitor from Schlib1.SchLib
Replace Part 9.2 Capacitor in C:\Users\Administrator\Desktop\Phased_Array_PCB\July29\Final Design.SchDoc with Capacitor from Schlib1.SchLib
Replace Part 10 TC4428 in C:\Users\Administrator\Desktop\Phased_Array_PCB\July29\Final Design.SchDoc with TC4428 from Schlib1.SchLib
Replace Part 10.1 Capacitor in C:\Users\Administrator\Desktop\Phased_Array_PCB\July29\Final Design.SchDoc with Capacitor from Schlib1.SchLib
Replace Part 10.2 Capacitor in C:\Users\Administrator\Desktop\Phased_Array_PCB\July29\Final Design.SchDoc with Capacitor from Schlib1.SchLib
Replace Part 10k Resistor in C:\Users\Administrator\Desktop\Phased_Array_PCB\July29\Final Design.SchDoc with Resistor from Schlib1.SchLib
Replace Part 10pf_1 10pf in C:\Users\Administrator\Desktop\Phased_Array_PCB\July29\Final Design.SchDoc with 10pf from Schlib1.SchLib
Replace Part 10pf_2 10pf in C:\Users\Administrator\Desktop\Phased_Array_PCB\July29\Final Design.SchDoc with 10pf from Schlib1.SchLib
Replace Part 11 TC4428 in C:\Users\Administrator\Desktop\Phased_Array_PCB\July29\Final Design.SchDoc with TC4428 from Schlib1.SchLib
Replace Part 11.1 Capacitor in C:\Users\Administrator\Desktop\Phased_Array_PCB\July29\Final Design.SchDoc with Capacitor from Schlib1.SchLib
Replace Part 11.2 Capacitor in C:\Users\Administrator\Desktop\Phased_Array_PCB\July29\Final Design.SchDoc with Capacitor from Schlib1.SchLib
Replace Part 12 TC4428 in C:\Users\Administrator\Desktop\Phased_Array_PCB\July29\Final Design.SchDoc with TC4428 from Schlib1.SchLib
Replace Part 12.1 Capacitor in C:\Users\Administrator\Desktop\Phased_Array_PCB\July29\Final Design.SchDoc with Capacitor from Schlib1.SchLib
Replace Part 12.2 Capacitor in C:\Users\Administrator\Desktop\Phased_Array_PCB\July29\Final Design.SchDoc with Capacitor from Schlib1.SchLib
Replace Part 13 TC4428 in C:\Users\Administrator\Desktop\Phased_Array_PCB\July29\Final Design.SchDoc with TC4428 from Schlib1.SchLib
Replace Part 13.1 Capacitor in C:\Users\Administrator\Desktop\Phased_Array_PCB\July29\Final Design.SchDoc with Capacitor from Schlib1.SchLib
Replace Part 13.2 Capacitor in C:\Users\Administrator\Desktop\Phased_Array_PCB\July29\Final Design.SchDoc with Capacitor from Schlib1.SchLib
Replace Part 14 TC4428 in C:\Users\Administrator\Desktop\Phased_Array_PCB\July29\Final Design.SchDoc with TC4428 from Schlib1.SchLib
Replace Part 14.1 Capacitor in C:\Users\Administrator\Desktop\Phased_Array_PCB\July29\Final Design.SchDoc with Capacitor from Schlib1.SchLib
Replace Part 14.2 Capacitor in C:\Users\Administrator\Desktop\Phased_Array_PCB\July29\Final Design.SchDoc with Capacitor from Schlib1.SchLib
Replace Part 15 TC4428 in C:\Users\Administrator\Desktop\Phased_Array_PCB\July29\Final Design.SchDoc with TC4428 from Schlib1.SchLib
Replace Part 15.1 Capacitor in C:\Users\Administrator\Desktop\Phased_Array_PCB\July29\Final Design.SchDoc with Capacitor from Schlib1.SchLib
Replace Part 15.2 Capacitor in C:\Users\Administrator\Desktop\Phased_Array_PCB\July29\Final Design.SchDoc with Capacitor from Schlib1.SchLib
Replace Part 15V 12VPower in C:\Users\Administrator\Desktop\Phased_Array_PCB\July29\Final Design.SchDoc with 12VPower from Schlib1.SchLib
Replace Part 16 TC4428 in C:\Users\Administrator\Desktop\Phased_Array_PCB\July29\Final Design.SchDoc with TC4428 from Schlib1.SchLib
Replace Part 16.1 Capacitor in C:\Users\Administrator\Desktop\Phased_Array_PCB\July29\Final Design.SchDoc with Capacitor from Schlib1.SchLib
Replace Part 16.2 Capacitor in C:\Users\Administrator\Desktop\Phased_Array_PCB\July29\Final Design.SchDoc with Capacitor from Schlib1.SchLib
Replace Part 17 TC4428 in C:\Users\Administrator\Desktop\Phased_Array_PCB\July29\Final Design.SchDoc with TC4428 from Schlib1.SchLib
Replace Part 17+ Capacitor in C:\Users\Administrator\Desktop\Phased_Array_PCB\July29\Final Design.SchDoc with Capacitor from Schlib1.SchLib
Replace Part 17- Capacitor in C:\Users\Administrator\Desktop\Phased_Array_PCB\July29\Final Design.SchDoc with Capacitor from Schlib1.SchLib
Replace Part 18 TC4428 in C:\Users\Administrator\Desktop\Phased_Array_PCB\July29\Final Design.SchDoc with TC4428 from Schlib1.SchLib
Replace Part 18.1 Capacitor in C:\Users\Administrator\Desktop\Phased_Array_PCB\July29\Final Design.SchDoc with Capacitor from Schlib1.SchLib
Replace Part 18.2 Capacitor in C:\Users\Administrator\Desktop\Phased_Array_PCB\July29\Final Design.SchDoc with Capacitor from Schlib1.SchLib
Replace Part 19 TC4428 in C:\Users\Administrator\Desktop\Phased_Array_PCB\July29\Final Design.SchDoc with TC4428 from Schlib1.SchLib
Replace Part 19.1 Capacitor in C:\Users\Administrator\Desktop\Phased_Array_PCB\July29\Final Design.SchDoc with Capacitor from Schlib1.SchLib
Replace Part 19.2 Capacitor in C:\Users\Administrator\Desktop\Phased_Array_PCB\July29\Final Design.SchDoc with Capacitor from Schlib1.SchLib
Replace Part 20 TC4428 in C:\Users\Administrator\Desktop\Phased_Array_PCB\July29\Final Design.SchDoc with TC4428 from Schlib1.SchLib
Replace Part 20.1 Capacitor in C:\Users\Administrator\Desktop\Phased_Array_PCB\July29\Final Design.SchDoc with Capacitor from Schlib1.SchLib
Replace Part 20.2 Capacitor in C:\Users\Administrator\Desktop\Phased_Array_PCB\July29\Final Design.SchDoc with Capacitor from Schlib1.SchLib
Replace Part 21 TC4428 in C:\Users\Administrator\Desktop\Phased_Array_PCB\July29\Final Design.SchDoc with TC4428 from Schlib1.SchLib
Replace Part 21.1 Capacitor in C:\Users\Administrator\Desktop\Phased_Array_PCB\July29\Final Design.SchDoc with Capacitor from Schlib1.SchLib
Replace Part 21.2 Capacitor in C:\Users\Administrator\Desktop\Phased_Array_PCB\July29\Final Design.SchDoc with Capacitor from Schlib1.SchLib
Replace Part 22 TC4428 in C:\Users\Administrator\Desktop\Phased_Array_PCB\July29\Final Design.SchDoc with TC4428 from Schlib1.SchLib
Replace Part 22.1 Capacitor in C:\Users\Administrator\Desktop\Phased_Array_PCB\July29\Final Design.SchDoc with Capacitor from Schlib1.SchLib
Replace Part 22.2 Capacitor in C:\Users\Administrator\Desktop\Phased_Array_PCB\July29\Final Design.SchDoc with Capacitor from Schlib1.SchLib
Replace Part 23 TC4428 in C:\Users\Administrator\Desktop\Phased_Array_PCB\July29\Final Design.SchDoc with TC4428 from Schlib1.SchLib
Replace Part 23.1 Capacitor in C:\Users\Administrator\Desktop\Phased_Array_PCB\July29\Final Design.SchDoc with Capacitor from Schlib1.SchLib
Replace Part 23.2 Capacitor in C:\Users\Administrator\Desktop\Phased_Array_PCB\July29\Final Design.SchDoc with Capacitor from Schlib1.SchLib
Replace Part 24 TC4428 in C:\Users\Administrator\Desktop\Phased_Array_PCB\July29\Final Design.SchDoc with TC4428 from Schlib1.SchLib
Replace Part 24.1 Capacitor in C:\Users\Administrator\Desktop\Phased_Array_PCB\July29\Final Design.SchDoc with Capacitor from Schlib1.SchLib
Replace Part 24.2 Capacitor in C:\Users\Administrator\Desktop\Phased_Array_PCB\July29\Final Design.SchDoc with Capacitor from Schlib1.SchLib
Replace Part 330R Resistor in C:\Users\Administrator\Desktop\Phased_Array_PCB\July29\Final Design.SchDoc with Resistor from Schlib1.SchLib
Replace Part Connector1 Connector in C:\Users\Administrator\Desktop\Phased_Array_PCB\July29\Final Design.SchDoc with Connector from Schlib1.SchLib
Replace Part Connector2 Connector in C:\Users\Administrator\Desktop\Phased_Array_PCB\July29\Final Design.SchDoc with Connector from Schlib1.SchLib
Replace Part Connector3 Connector in C:\Users\Administrator\Desktop\Phased_Array_PCB\July29\Final Design.SchDoc with Connector from Schlib1.SchLib
Replace Part Connector4 Connector in C:\Users\Administrator\Desktop\Phased_Array_PCB\July29\Final Design.SchDoc with Connector from Schlib1.SchLib
Replace Part Connector5 Connector in C:\Users\Administrator\Desktop\Phased_Array_PCB\July29\Final Design.SchDoc with Connector from Schlib1.SchLib
Replace Part Connector6 Connector in C:\Users\Administrator\Desktop\Phased_Array_PCB\July29\Final Design.SchDoc with Connector from Schlib1.SchLib
Replace Part ExClock 3pin in C:\Users\Administrator\Desktop\Phased_Array_PCB\July29\Final Design.SchDoc with 3pin from Schlib1.SchLib
Replace Part JTAG JTAG in C:\Users\Administrator\Desktop\Phased_Array_PCB\July29\Final Design.SchDoc with JTAG from Schlib1.SchLib
Replace Part LED LED in C:\Users\Administrator\Desktop\Phased_Array_PCB\July29\Final Design.SchDoc with LED from Schlib1.SchLib
Replace Part LED2 LED in C:\Users\Administrator\Desktop\Phased_Array_PCB\July29\Final Design.SchDoc with LED from Schlib1.SchLib
Replace Part Reset Reset in C:\Users\Administrator\Desktop\Phased_Array_PCB\July29\Final Design.SchDoc with Reset from Schlib1.SchLib
Replace Part Switch LockBottom in C:\Users\Administrator\Desktop\Phased_Array_PCB\July29\Final Design.SchDoc with LockBottom from Schlib1.SchLib
Replace Part TPS73633 TPS73633 in C:\Users\Administrator\Desktop\Phased_Array_PCB\July29\Final Design.SchDoc with TPS73633 from Schlib1.SchLib
Replace Part UART UART in C:\Users\Administrator\Desktop\Phased_Array_PCB\July29\Final Design.SchDoc with UART from Schlib1.SchLib
Replace Part Xtal Xtal in C:\Users\Administrator\Desktop\Phased_Array_PCB\July29\Final Design.SchDoc with Xtal from Schlib1.SchLib
