Change Component Footprint: Designator=0.01uf_1 Old Footprint=Chip2PinSM127P600-8N New Footprint=0805
Change Component Footprint: Designator=0.1uf_1 Old Footprint=Chip2PinSM127P600-8N New Footprint=0805
Change Component Footprint: Designator=0.01uf_2 Old Footprint=Chip2PinSM127P600-8N New Footprint=0805
Change Component Footprint: Designator=0.1uf_2 Old Footprint=Chip2PinSM127P600-8N New Footprint=0805
Change Component Footprint: Designator=0.01uf_3 Old Footprint=Chip2PinSM127P600-8N New Footprint=0805
Change Component Footprint: Designator=0.1uf_3 Old Footprint=Chip2PinSM127P600-8N New Footprint=0805
Change Component Footprint: Designator=1.1 Old Footprint=Chip2PinSM127P600-8N New Footprint=0805
Change Component Footprint: Designator=1.2 Old Footprint=Chip2PinSM127P600-8N New Footprint=0805
Change Component Footprint: Designator=2.1 Old Footprint=Chip2PinSM127P600-8N New Footprint=0805
Change Component Footprint: Designator=2.2 Old Footprint=Chip2PinSM127P600-8N New Footprint=0805
Change Component Footprint: Designator=3.1 Old Footprint=Chip2PinSM127P600-8N New Footprint=0805
Change Component Footprint: Designator=3.2 Old Footprint=Chip2PinSM127P600-8N New Footprint=0805
Change Component Footprint: Designator=4.1 Old Footprint=Chip2PinSM127P600-8N New Footprint=0805
Change Component Footprint: Designator=4.2 Old Footprint=Chip2PinSM127P600-8N New Footprint=0805
Change Component Footprint: Designator=5.1 Old Footprint=Chip2PinSM127P600-8N New Footprint=0805
Change Component Footprint: Designator=5.2 Old Footprint=Chip2PinSM127P600-8N New Footprint=0805
Change Component Footprint: Designator=6.1 Old Footprint=Chip2PinSM127P600-8N New Footprint=0805
Change Component Footprint: Designator=6.2 Old Footprint=Chip2PinSM127P600-8N New Footprint=0805
Change Component Footprint: Designator=7.1 Old Footprint=Chip2PinSM127P600-8N New Footprint=0805
Change Component Footprint: Designator=7.2 Old Footprint=Chip2PinSM127P600-8N New Footprint=0805
Change Component Footprint: Designator=8.1 Old Footprint=Chip2PinSM127P600-8N New Footprint=0805
Change Component Footprint: Designator=8.2 Old Footprint=Chip2PinSM127P600-8N New Footprint=0805
Change Component Footprint: Designator=9.1 Old Footprint=Chip2PinSM127P600-8N New Footprint=0805
Change Component Footprint: Designator=9.2 Old Footprint=Chip2PinSM127P600-8N New Footprint=0805
Change Component Footprint: Designator=10.1 Old Footprint=Chip2PinSM127P600-8N New Footprint=0805
Change Component Footprint: Designator=10.2 Old Footprint=Chip2PinSM127P600-8N New Footprint=0805
Change Component Footprint: Designator=11.1 Old Footprint=Chip2PinSM127P600-8N New Footprint=0805
Change Component Footprint: Designator=11.2 Old Footprint=Chip2PinSM127P600-8N New Footprint=0805
Change Component Footprint: Designator=12.1 Old Footprint=Chip2PinSM127P600-8N New Footprint=0805
Change Component Footprint: Designator=12.2 Old Footprint=Chip2PinSM127P600-8N New Footprint=0805
Change Component Footprint: Designator=13.1 Old Footprint=Chip2PinSM127P600-8N New Footprint=0805
Change Component Footprint: Designator=13.2 Old Footprint=Chip2PinSM127P600-8N New Footprint=0805
Change Component Footprint: Designator=14.1 Old Footprint=Chip2PinSM127P600-8N New Footprint=0805
Change Component Footprint: Designator=14.2 Old Footprint=Chip2PinSM127P600-8N New Footprint=0805
Change Component Footprint: Designator=15.1 Old Footprint=Chip2PinSM127P600-8N New Footprint=0805
Change Component Footprint: Designator=15.2 Old Footprint=Chip2PinSM127P600-8N New Footprint=0805
Change Component Footprint: Designator=16.1 Old Footprint=Chip2PinSM127P600-8N New Footprint=0805
Change Component Footprint: Designator=16.2 Old Footprint=Chip2PinSM127P600-8N New Footprint=0805
Change Component Footprint: Designator=17+ Old Footprint=Chip2PinSM127P600-8N New Footprint=0805
Change Component Footprint: Designator=17- Old Footprint=Chip2PinSM127P600-8N New Footprint=0805
Change Component Footprint: Designator=18.1 Old Footprint=Chip2PinSM127P600-8N New Footprint=0805
Change Component Footprint: Designator=18.2 Old Footprint=Chip2PinSM127P600-8N New Footprint=0805
Change Component Footprint: Designator=19.1 Old Footprint=Chip2PinSM127P600-8N New Footprint=0805
Change Component Footprint: Designator=19.2 Old Footprint=Chip2PinSM127P600-8N New Footprint=0805
Change Component Footprint: Designator=20.1 Old Footprint=Chip2PinSM127P600-8N New Footprint=0805
Change Component Footprint: Designator=20.2 Old Footprint=Chip2PinSM127P600-8N New Footprint=0805
Change Component Footprint: Designator=21.1 Old Footprint=Chip2PinSM127P600-8N New Footprint=0805
Change Component Footprint: Designator=21.2 Old Footprint=Chip2PinSM127P600-8N New Footprint=0805
Change Component Footprint: Designator=22.1 Old Footprint=Chip2PinSM127P600-8N New Footprint=0805
Change Component Footprint: Designator=22.2 Old Footprint=Chip2PinSM127P600-8N New Footprint=0805
Change Component Footprint: Designator=23.1 Old Footprint=Chip2PinSM127P600-8N New Footprint=0805
Change Component Footprint: Designator=23.2 Old Footprint=Chip2PinSM127P600-8N New Footprint=0805
Change Component Footprint: Designator=24.1 Old Footprint=Chip2PinSM127P600-8N New Footprint=0805
Change Component Footprint: Designator=24.2 Old Footprint=Chip2PinSM127P600-8N New Footprint=0805
Added Member To Class: ClassName=Final Design Member=Component 6 TC4428
