Removed Pin From Net: NetName=+12 Pin=1.5K-1
Removed Pin From Net: NetName=1.5KR Pin=1.5K-2
Removed Pin From Net: NetName=1.5KR Pin=LED2-2
Added Pin To Net: NetName=NR Pin=0.01uf-1
Added Pin To Net: NetName=GND Pin=0.01uf-2
Added Pin To Net: NetName=GND Pin=0.01uf_1-2
Added Pin To Net: NetName=GND Pin=0.1uf_1-2
Added Pin To Net: NetName=3.3V Pin=0.01uf_2-1
Added Pin To Net: NetName=3.3V Pin=0.1uf_2-1
Added Pin To Net: NetName=GND Pin=0.01uf_2-2
Added Pin To Net: NetName=GND Pin=0.1uf_2-2
Added Pin To Net: NetName=GND Pin=0.01uf_3-2
Added Pin To Net: NetName=GND Pin=0.1uf_3-2
Added Pin To Net: NetName=+12 Pin=1.1-1
Added Pin To Net: NetName=+12 Pin=1.2-1
Added Pin To Net: NetName=GND Pin=1.2-2
Added Pin To Net: NetName=1.5KR Pin=1.5K-1
Added Pin To Net: NetName=GND Pin=1uf-1
Added Pin To Net: NetName=5V Pin=1uf-2
Added Pin To Net: NetName=+12 Pin=2.1-1
Added Pin To Net: NetName=GND Pin=2.1-2
Added Pin To Net: NetName=+12 Pin=2.2-1
Added Pin To Net: NetName=GND Pin=2.2-2
Added Pin To Net: NetName=+12 Pin=3.1-1
Added Pin To Net: NetName=+12 Pin=3.2-1
Added Pin To Net: NetName=+12 Pin=4.1-1
Added Pin To Net: NetName=+12 Pin=4.2-1
Added Pin To Net: NetName=+12 Pin=5.1-1
Added Pin To Net: NetName=+12 Pin=5.2-1
Added Pin To Net: NetName=+12 Pin=6.1-1
Added Pin To Net: NetName=+12 Pin=6.2-1
Added Pin To Net: NetName=+12 Pin=7.1-1
Added Pin To Net: NetName=+12 Pin=7.2-1
Added Pin To Net: NetName=+12 Pin=8.1-1
Added Pin To Net: NetName=+12 Pin=8.2-1
Added Pin To Net: NetName=GND Pin=8.2-2
Added Pin To Net: NetName=+12 Pin=9.1-1
Added Pin To Net: NetName=+12 Pin=9.2-1
Added Pin To Net: NetName=+12 Pin=10.1-1
Added Pin To Net: NetName=+12 Pin=10.2-1
Added Pin To Net: NetName=+12 Pin=11.1-1
Added Pin To Net: NetName=+12 Pin=11.2-1
Added Pin To Net: NetName=+12 Pin=12.1-1
Added Pin To Net: NetName=+12 Pin=12.2-1
Added Pin To Net: NetName=+12 Pin=13.1-1
Added Pin To Net: NetName=+12 Pin=13.2-1
Added Pin To Net: NetName=GND Pin=13.2-2
Added Pin To Net: NetName=+12 Pin=14.1-1
Added Pin To Net: NetName=GND Pin=14.1-2
Added Pin To Net: NetName=+12 Pin=14.2-1
Added Pin To Net: NetName=GND Pin=14.2-2
Added Pin To Net: NetName=+12 Pin=15.1-1
Added Pin To Net: NetName=+12 Pin=15.2-1
Added Pin To Net: NetName=+12 Pin=16.1-1
Added Pin To Net: NetName=+12 Pin=16.2-1
Added Pin To Net: NetName=+12 Pin=17+-1
Added Pin To Net: NetName=+12 Pin=17--1
Added Pin To Net: NetName=+12 Pin=18.1-1
Added Pin To Net: NetName=+12 Pin=18.2-1
Added Pin To Net: NetName=+12 Pin=19.1-1
Added Pin To Net: NetName=+12 Pin=19.2-1
Added Pin To Net: NetName=+12 Pin=20.1-1
Added Pin To Net: NetName=+12 Pin=20.2-1
Added Pin To Net: NetName=GND Pin=20.2-2
Added Pin To Net: NetName=+12 Pin=21.1-1
Added Pin To Net: NetName=+12 Pin=21.2-1
Added Pin To Net: NetName=+12 Pin=22.1-1
Added Pin To Net: NetName=+12 Pin=22.2-1
Added Pin To Net: NetName=+12 Pin=23.1-1
Added Pin To Net: NetName=+12 Pin=23.2-1
Added Pin To Net: NetName=+12 Pin=24.1-1
Added Pin To Net: NetName=+12 Pin=24.2-1
Added Pin To Net: NetName=3.3V Pin=330R-1
Added Pin To Net: NetName=330R Pin=330R-2
Added Pin To Net: NetName=1.5KR Pin=LED2-1
Added Pin To Net: NetName=330R Pin=LED-1
Added Pin To Net: NetName=GND Pin=LED-2
Added Pin To Net: NetName=5V Pin=TPS73633-1
Added Pin To Net: NetName=GND Pin=TPS73633-2
Added Pin To Net: NetName=3.3V Pin=TPS73633-3
Added Pin To Net: NetName=NR Pin=TPS73633-4
Added Pin To Net: NetName=OSC0 Pin=Xtal-1
Added Pin To Net: NetName=OSC1 Pin=Xtal-2
