Removed Pin From Net: NetName=GND Pin=*-5
Removed Pin From Net: NetName=GND Pin=*-6
Removed Pin From Net: NetName=GND Pin=*-7
Removed Pin From Net: NetName=GND Pin=*-8
Removed Pin From Net: NetName=GND Pin=*-9
Removed Pin From Net: NetName=GND Pin=*-13
Removed Pin From Net: NetName=GND Pin=*-14
Removed Pin From Net: NetName=GND Pin=*-28
Removed Pin From Net: NetName=GND Pin=*-29
Removed Pin From Net: NetName=GND Pin=*-30
Removed Pin From Net: NetName=GND Pin=*-31
Removed Pin From Net: NetName=GND Pin=*-33
Removed Pin From Net: NetName=GND Pin=*-34
Removed Pin From Net: NetName=GND Pin=*-35
Removed Pin From Net: NetName=GND Pin=*-36
Removed Pin From Net: NetName=GND Pin=*-37
Removed Pin From Net: NetName=GND Pin=*-38
Removed Pin From Net: NetName=GND Pin=*-40
Removed Pin From Net: NetName=GND Pin=*-41
Removed Pin From Net: NetName=GND Pin=*-49
Removed Pin From Net: NetName=GND Pin=*-50
Removed Pin From Net: NetName=GND Pin=*-54
Removed Pin From Net: NetName=GND Pin=*-59
Removed Pin From Net: NetName=GND Pin=*-60
Removed Pin From Net: NetName=3.3V Pin=0.01uf_1-1
Removed Pin From Net: NetName=3.3V Pin=0.1uf_1-1
Removed Pin From Net: NetName=3.3V Pin=0.01uf_1-2
Removed Pin From Net: NetName=3.3V Pin=0.1uf_1-2
Removed Pin From Net: NetName=3.3V Pin=0.01uf_2-1
Removed Pin From Net: NetName=3.3V Pin=0.1uf_2-1
Removed Pin From Net: NetName=3.3V Pin=0.01uf_2-2
Removed Pin From Net: NetName=3.3V Pin=0.1uf_2-2
Removed Pin From Net: NetName=3.3V Pin=0.01uf_3-1
Removed Pin From Net: NetName=3.3V Pin=0.1uf_3-1
Removed Pin From Net: NetName=3.3V Pin=0.01uf_3-2
Removed Pin From Net: NetName=3.3V Pin=0.1uf_3-2
Removed Pin From Net: NetName=GND Pin=1.1-1
Removed Pin From Net: NetName=+12 Pin=1.1-2
Removed Pin From Net: NetName=GND Pin=1.2-1
Removed Pin From Net: NetName=+12 Pin=1.2-2
Removed Pin From Net: NetName=GND Pin=2.1-1
Removed Pin From Net: NetName=+12 Pin=2.1-2
Removed Pin From Net: NetName=+12 Pin=2.2-1
Removed Pin From Net: NetName=GND Pin=2.2-2
Removed Pin From Net: NetName=GND Pin=3.1-1
Removed Pin From Net: NetName=+12 Pin=3.1-2
Removed Pin From Net: NetName=GND Pin=3.2-1
Removed Pin From Net: NetName=+12 Pin=3.2-2
Removed Pin From Net: NetName=GND Pin=4.1-1
Removed Pin From Net: NetName=+12 Pin=4.1-2
Removed Pin From Net: NetName=+12 Pin=4.2-1
Removed Pin From Net: NetName=GND Pin=4.2-2
Removed Pin From Net: NetName=GND Pin=5.1-1
Removed Pin From Net: NetName=+12 Pin=5.1-2
Removed Pin From Net: NetName=GND Pin=5.2-1
Removed Pin From Net: NetName=+12 Pin=5.2-2
Removed Pin From Net: NetName=GND Pin=6.1-1
Removed Pin From Net: NetName=+12 Pin=6.1-2
Removed Pin From Net: NetName=GND Pin=6.2-1
Removed Pin From Net: NetName=+12 Pin=6.2-2
Removed Pin From Net: NetName=GND Pin=7.1-1
Removed Pin From Net: NetName=+12 Pin=7.1-2
Removed Pin From Net: NetName=GND Pin=7.2-1
Removed Pin From Net: NetName=+12 Pin=7.2-2
Removed Pin From Net: NetName=GND Pin=8.1-1
Removed Pin From Net: NetName=+12 Pin=8.1-2
Removed Pin From Net: NetName=GND Pin=8.2-1
Removed Pin From Net: NetName=+12 Pin=8.2-2
Removed Pin From Net: NetName=GND Pin=9.1-1
Removed Pin From Net: NetName=+12 Pin=9.1-2
Removed Pin From Net: NetName=GND Pin=9.2-1
Removed Pin From Net: NetName=+12 Pin=9.2-2
Removed Pin From Net: NetName=GND Pin=10.1-1
Removed Pin From Net: NetName=+12 Pin=10.1-2
Removed Pin From Net: NetName=GND Pin=10.2-1
Removed Pin From Net: NetName=+12 Pin=10.2-2
Removed Pin From Net: NetName=GND Pin=11.1-1
Removed Pin From Net: NetName=+12 Pin=11.1-2
Removed Pin From Net: NetName=GND Pin=11.2-1
Removed Pin From Net: NetName=+12 Pin=11.2-2
Removed Pin From Net: NetName=GND Pin=12.1-1
Removed Pin From Net: NetName=+12 Pin=12.1-2
Removed Pin From Net: NetName=GND Pin=12.2-1
Removed Pin From Net: NetName=+12 Pin=12.2-2
Removed Pin From Net: NetName=GND Pin=12VPower-1
Removed Pin From Net: NetName=+12 Pin=12VPower-2
Removed Pin From Net: NetName=+12 Pin=13.1-1
Removed Pin From Net: NetName=GND Pin=13.1-2
Removed Pin From Net: NetName=+12 Pin=13.2-1
Removed Pin From Net: NetName=GND Pin=13.2-2
Removed Pin From Net: NetName=+12 Pin=14.1-1
Removed Pin From Net: NetName=GND Pin=14.1-2
Removed Pin From Net: NetName=+12 Pin=14.2-1
Removed Pin From Net: NetName=GND Pin=14.2-2
Removed Pin From Net: NetName=+12 Pin=15.1-1
Removed Pin From Net: NetName=GND Pin=15.1-2
Removed Pin From Net: NetName=+12 Pin=15.2-1
Removed Pin From Net: NetName=GND Pin=15.2-2
Removed Pin From Net: NetName=+12 Pin=16.1-1
Removed Pin From Net: NetName=GND Pin=16.1-2
Removed Pin From Net: NetName=+12 Pin=16.2-1
Removed Pin From Net: NetName=GND Pin=16.2-2
Removed Pin From Net: NetName=GND Pin=17+-1
Removed Pin From Net: NetName=+12 Pin=17+-2
Removed Pin From Net: NetName=+12 Pin=17--1
Removed Pin From Net: NetName=GND Pin=17--2
Removed Pin From Net: NetName=+12 Pin=18.1-1
Removed Pin From Net: NetName=GND Pin=18.1-2
Removed Pin From Net: NetName=+12 Pin=18.2-1
Removed Pin From Net: NetName=GND Pin=18.2-2
Removed Pin From Net: NetName=+12 Pin=19.1-1
Removed Pin From Net: NetName=GND Pin=19.1-2
Removed Pin From Net: NetName=+12 Pin=19.2-1
Removed Pin From Net: NetName=GND Pin=19.2-2
Removed Pin From Net: NetName=+12 Pin=20.1-1
Removed Pin From Net: NetName=GND Pin=20.1-2
Removed Pin From Net: NetName=+12 Pin=20.2-1
Removed Pin From Net: NetName=GND Pin=20.2-2
Removed Pin From Net: NetName=+12 Pin=21.1-1
Removed Pin From Net: NetName=GND Pin=21.1-2
Removed Pin From Net: NetName=+12 Pin=21.2-1
Removed Pin From Net: NetName=GND Pin=21.2-2
Removed Pin From Net: NetName=+12 Pin=22.1-1
Removed Pin From Net: NetName=GND Pin=22.1-2
Removed Pin From Net: NetName=+12 Pin=22.2-1
Removed Pin From Net: NetName=GND Pin=22.2-2
Removed Pin From Net: NetName=+12 Pin=23.1-1
Removed Pin From Net: NetName=GND Pin=23.1-2
Removed Pin From Net: NetName=+12 Pin=23.2-1
Removed Pin From Net: NetName=GND Pin=23.2-2
Removed Pin From Net: NetName=GND Pin=24-1
Removed Pin From Net: NetName=GND Pin=24-8
Removed Pin From Net: NetName=GND Pin=24.1-1
Removed Pin From Net: NetName=+12 Pin=24.1-2
Removed Pin From Net: NetName=+12 Pin=24.2-1
Removed Pin From Net: NetName=GND Pin=24.2-2
Change Component Footprint: Designator=* Old Footprint=SquarePad New Footprint=TM4CFinal
Added Member To Class: ClassName=Final Design Member=Component 0.1uf_1 Capacitor
