Removed Pin From Net: NetName=+12 Pin=1.1-1
Removed Pin From Net: NetName=GND Pin=1.1-2
Removed Pin From Net: NetName=+12 Pin=1.2-1
Removed Pin From Net: NetName=GND Pin=1.2-2
Removed Pin From Net: NetName=+12 Pin=2.1-1
Removed Pin From Net: NetName=GND Pin=2.1-2
Removed Pin From Net: NetName=+12 Pin=2.2-1
Removed Pin From Net: NetName=GND Pin=2.2-2
Removed Pin From Net: NetName=+12 Pin=3.1-1
Removed Pin From Net: NetName=GND Pin=3.1-2
Removed Pin From Net: NetName=+12 Pin=3.2-1
Removed Pin From Net: NetName=GND Pin=3.2-2
Removed Pin From Net: NetName=+12 Pin=4.1-1
Removed Pin From Net: NetName=GND Pin=4.1-2
Removed Pin From Net: NetName=+12 Pin=4.2-1
Removed Pin From Net: NetName=GND Pin=4.2-2
Removed Pin From Net: NetName=13+ Pin=Connector4-1
Removed Pin From Net: NetName=14+ Pin=Connector4-2
Removed Pin From Net: NetName=14- Pin=Connector4-7
Removed Pin From Net: NetName=13- Pin=Connector4-8
Added Pin To Net: NetName=14+ Pin=Connector4-1
Added Pin To Net: NetName=13+ Pin=Connector4-2
Added Pin To Net: NetName=13- Pin=Connector4-7
Added Pin To Net: NetName=14- Pin=Connector4-8
Added Member To Class: ClassName=Final Design Member=Component 2 TC4428
