Replace Part * TM4C123GH6PM in C:\Users\Administrator\Desktop\BLP\Phased_Array_PCB\July23\Final Design.SchDoc with TM4C123GH6PM from Schlib1.SchLib
Replace Part *? Capacitor in C:\Users\Administrator\Desktop\BLP\Phased_Array_PCB\July23\Final Design.SchDoc with Capacitor from Schlib1.SchLib
Replace Part 0.1uF_1 Capacitor in C:\Users\Administrator\Desktop\BLP\Phased_Array_PCB\July23\Final Design.SchDoc with Capacitor from Schlib1.SchLib
Replace Part 0.1uF_2 Capacitor in C:\Users\Administrator\Desktop\BLP\Phased_Array_PCB\July23\Final Design.SchDoc with Capacitor from Schlib1.SchLib
Replace Part 0.1uF_3 Capacitor in C:\Users\Administrator\Desktop\BLP\Phased_Array_PCB\July23\Final Design.SchDoc with Capacitor from Schlib1.SchLib
Replace Part 0.1uF_4 Capacitor in C:\Users\Administrator\Desktop\BLP\Phased_Array_PCB\July23\Final Design.SchDoc with Capacitor from Schlib1.SchLib
Replace Part 0.1uF_5 Capacitor in C:\Users\Administrator\Desktop\BLP\Phased_Array_PCB\July23\Final Design.SchDoc with Capacitor from Schlib1.SchLib
Replace Part 0.1uF_6 Capacitor in C:\Users\Administrator\Desktop\BLP\Phased_Array_PCB\July23\Final Design.SchDoc with Capacitor from Schlib1.SchLib
Replace Part 0.1uF_8 Capacitor in C:\Users\Administrator\Desktop\BLP\Phased_Array_PCB\July23\Final Design.SchDoc with Capacitor from Schlib1.SchLib
Replace Part 0.1uF_9 Capacitor in C:\Users\Administrator\Desktop\BLP\Phased_Array_PCB\July23\Final Design.SchDoc with Capacitor from Schlib1.SchLib
Replace Part 0.1uF_10 Capacitor in C:\Users\Administrator\Desktop\BLP\Phased_Array_PCB\July23\Final Design.SchDoc with Capacitor from Schlib1.SchLib
Replace Part 0.1uF_11 Capacitor in C:\Users\Administrator\Desktop\BLP\Phased_Array_PCB\July23\Final Design.SchDoc with Capacitor from Schlib1.SchLib
Replace Part 4.7uF_1 Capacitor in C:\Users\Administrator\Desktop\BLP\Phased_Array_PCB\July23\Final Design.SchDoc with Capacitor from Schlib1.SchLib
Replace Part 4.7uF_2 Capacitor in C:\Users\Administrator\Desktop\BLP\Phased_Array_PCB\July23\Final Design.SchDoc with Capacitor from Schlib1.SchLib
Replace Part 4.7uF_3 Capacitor in C:\Users\Administrator\Desktop\BLP\Phased_Array_PCB\July23\Final Design.SchDoc with Capacitor from Schlib1.SchLib
Replace Part 4.7uF_4 Capacitor in C:\Users\Administrator\Desktop\BLP\Phased_Array_PCB\July23\Final Design.SchDoc with Capacitor from Schlib1.SchLib
Replace Part 4.7uF_5 Capacitor in C:\Users\Administrator\Desktop\BLP\Phased_Array_PCB\July23\Final Design.SchDoc with Capacitor from Schlib1.SchLib
Replace Part 4.7uF_6 Capacitor in C:\Users\Administrator\Desktop\BLP\Phased_Array_PCB\July23\Final Design.SchDoc with Capacitor from Schlib1.SchLib
Replace Part 4.7uF_7 Capacitor in C:\Users\Administrator\Desktop\BLP\Phased_Array_PCB\July23\Final Design.SchDoc with Capacitor from Schlib1.SchLib
Replace Part 4.7uF_8 Capacitor in C:\Users\Administrator\Desktop\BLP\Phased_Array_PCB\July23\Final Design.SchDoc with Capacitor from Schlib1.SchLib
Replace Part 4.7uF_9 Capacitor in C:\Users\Administrator\Desktop\BLP\Phased_Array_PCB\July23\Final Design.SchDoc with Capacitor from Schlib1.SchLib
Replace Part 4.7uF_10 Capacitor in C:\Users\Administrator\Desktop\BLP\Phased_Array_PCB\July23\Final Design.SchDoc with Capacitor from Schlib1.SchLib
Replace Part 4.7uF_11 Capacitor in C:\Users\Administrator\Desktop\BLP\Phased_Array_PCB\July23\Final Design.SchDoc with Capacitor from Schlib1.SchLib
Replace Part 4.7uF_12 Capacitor in C:\Users\Administrator\Desktop\BLP\Phased_Array_PCB\July23\Final Design.SchDoc with Capacitor from Schlib1.SchLib
Replace Part Connector1 Connector in C:\Users\Administrator\Desktop\BLP\Phased_Array_PCB\July23\Final Design.SchDoc with Connector from Schlib1.SchLib
Replace Part Connector2 Connector in C:\Users\Administrator\Desktop\BLP\Phased_Array_PCB\July23\Final Design.SchDoc with Connector from Schlib1.SchLib
Replace Part Connector3 Connector in C:\Users\Administrator\Desktop\BLP\Phased_Array_PCB\July23\Final Design.SchDoc with Connector from Schlib1.SchLib
Replace Part TC4428_1 TC4428 in C:\Users\Administrator\Desktop\BLP\Phased_Array_PCB\July23\Final Design.SchDoc with TC4428 from Schlib1.SchLib
Replace Part TC4428_2 TC4428 in C:\Users\Administrator\Desktop\BLP\Phased_Array_PCB\July23\Final Design.SchDoc with TC4428 from Schlib1.SchLib
Replace Part TC4428_3 TC4428 in C:\Users\Administrator\Desktop\BLP\Phased_Array_PCB\July23\Final Design.SchDoc with TC4428 from Schlib1.SchLib
Replace Part TC4428_4 TC4428 in C:\Users\Administrator\Desktop\BLP\Phased_Array_PCB\July23\Final Design.SchDoc with TC4428 from Schlib1.SchLib
Replace Part TC4428_5 TC4428 in C:\Users\Administrator\Desktop\BLP\Phased_Array_PCB\July23\Final Design.SchDoc with TC4428 from Schlib1.SchLib
Replace Part TC4428_6 TC4428 in C:\Users\Administrator\Desktop\BLP\Phased_Array_PCB\July23\Final Design.SchDoc with TC4428 from Schlib1.SchLib
Replace Part TC4428_7 TC4428 in C:\Users\Administrator\Desktop\BLP\Phased_Array_PCB\July23\Final Design.SchDoc with TC4428 from Schlib1.SchLib
Replace Part TC4428_8 TC4428 in C:\Users\Administrator\Desktop\BLP\Phased_Array_PCB\July23\Final Design.SchDoc with TC4428 from Schlib1.SchLib
Replace Part TC4428_9 TC4428 in C:\Users\Administrator\Desktop\BLP\Phased_Array_PCB\July23\Final Design.SchDoc with TC4428 from Schlib1.SchLib
Replace Part TC4428_10 TC4428 in C:\Users\Administrator\Desktop\BLP\Phased_Array_PCB\July23\Final Design.SchDoc with TC4428 from Schlib1.SchLib
Replace Part TC4428_11 TC4428 in C:\Users\Administrator\Desktop\BLP\Phased_Array_PCB\July23\Final Design.SchDoc with TC4428 from Schlib1.SchLib
Replace Part TC4428_12 TC4428 in C:\Users\Administrator\Desktop\BLP\Phased_Array_PCB\July23\Final Design.SchDoc with TC4428 from Schlib1.SchLib
