Added Net: Name=1
Added Net: Name=2
Added Net: Name=3
Added Net: Name=4+
Added Net: Name=4-
Added Net: Name=4
Added Net: Name=5+
Added Net: Name=5-
Added Net: Name=5
Added Net: Name=6+
Added Net: Name=6-
Added Net: Name=6
Added Net: Name=7+
Added Net: Name=7-
Added Net: Name=7
Added Net: Name=8+
Added Net: Name=8-
Added Net: Name=8
Added Net: Name=9+
Added Net: Name=9-
Added Net: Name=9
Added Net: Name=10+
Added Net: Name=10-
Added Net: Name=10
Added Net: Name=11+
Added Net: Name=11-
Added Net: Name=11
Added Net: Name=12+
Added Net: Name=12-
Added Net: Name=12
Added Net: Name=VCC
Added Room: Name=Final Design
