Added Component: Designator=*(TM4C123)
Add component. Clean all parameters for all variants
Added Component: Designator=1.1(CAPC3225X06N)
Add component. Clean all parameters for all variants
Added Component: Designator=1.2(CAPC3225X06N)
Add component. Clean all parameters for all variants
Added Component: Designator=1(TC4428)
Add component. Clean all parameters for all variants
Added Component: Designator=2.1(CAPC3225X06N)
Add component. Clean all parameters for all variants
Added Component: Designator=2.2(CAPC3225X06N)
Add component. Clean all parameters for all variants
Added Component: Designator=2(TC4428)
Add component. Clean all parameters for all variants
Added Component: Designator=3.1(CAPC3225X06N)
Add component. Clean all parameters for all variants
Added Component: Designator=3.2(CAPC3225X06N)
Add component. Clean all parameters for all variants
Added Component: Designator=3(TC4428)
Add component. Clean all parameters for all variants
Added Component: Designator=4.1(CAPC3225X06N)
Add component. Clean all parameters for all variants
Added Component: Designator=4.2(CAPC3225X06N)
Add component. Clean all parameters for all variants
Added Component: Designator=4(TC4428)
Add component. Clean all parameters for all variants
Added Component: Designator=5.1(CAPC3225X06N)
Add component. Clean all parameters for all variants
Added Component: Designator=5.2(CAPC3225X06N)
Add component. Clean all parameters for all variants
Added Component: Designator=5(TC4428)
Add component. Clean all parameters for all variants
Added Component: Designator=6.1(CAPC3225X06N)
Add component. Clean all parameters for all variants
Added Component: Designator=6.2(CAPC3225X06N)
Add component. Clean all parameters for all variants
Added Component: Designator=6(TC4428)
Add component. Clean all parameters for all variants
Added Component: Designator=7.1(CAPC3225X06N)
Add component. Clean all parameters for all variants
Added Component: Designator=7.2(CAPC3225X06N)
Add component. Clean all parameters for all variants
Added Component: Designator=7(TC4428)
Add component. Clean all parameters for all variants
Added Component: Designator=8.1(CAPC3225X06N)
Add component. Clean all parameters for all variants
Added Component: Designator=8.2(CAPC3225X06N)
Add component. Clean all parameters for all variants
Added Component: Designator=8(TC4428)
Add component. Clean all parameters for all variants
Added Component: Designator=9.1(CAPC3225X06N)
Add component. Clean all parameters for all variants
Added Component: Designator=9.2(CAPC3225X06N)
Add component. Clean all parameters for all variants
Added Component: Designator=9(TC4428)
Add component. Clean all parameters for all variants
Added Component: Designator=10.1(CAPC3225X06N)
Add component. Clean all parameters for all variants
Added Component: Designator=10.2(CAPC3225X06N)
Add component. Clean all parameters for all variants
Added Component: Designator=10(TC4428)
Add component. Clean all parameters for all variants
Added Component: Designator=11.1(CAPC3225X06N)
Add component. Clean all parameters for all variants
Added Component: Designator=11.2(CAPC3225X06N)
Add component. Clean all parameters for all variants
Added Component: Designator=11(TC4428)
Add component. Clean all parameters for all variants
Added Component: Designator=12.1(CAPC3225X06N)
Add component. Clean all parameters for all variants
Added Component: Designator=12.2(CAPC3225X06N)
Add component. Clean all parameters for all variants
Added Component: Designator=12(TC4428)
Add component. Clean all parameters for all variants
Added Component: Designator=Connector1(Connector)
Add component. Clean all parameters for all variants
Added Component: Designator=Connector2(Connector)
Add component. Clean all parameters for all variants
Added Component: Designator=Connector3(Connector)
Add component. Clean all parameters for all variants
Added Pin To Net: NetName=7 Pin=*-1
Added Pin To Net: NetName=8 Pin=*-4
Added Pin To Net: NetName=1 Pin=*-45
Added Pin To Net: NetName=2 Pin=*-46
Added Pin To Net: NetName=3 Pin=*-47
Added Pin To Net: NetName=4 Pin=*-48
Added Pin To Net: NetName=6 Pin=*-57
Added Pin To Net: NetName=5 Pin=*-58
Added Pin To Net: NetName=9 Pin=*-61
Added Pin To Net: NetName=10 Pin=*-62
Added Pin To Net: NetName=11 Pin=*-63
Added Pin To Net: NetName=12 Pin=*-64
Added Pin To Net: NetName=1 Pin=1-2
Added Pin To Net: NetName=GND Pin=1-3
Added Pin To Net: NetName=1 Pin=1-4
Added Pin To Net: NetName=1- Pin=1-5
Added Pin To Net: NetName=1+ Pin=1-7
Added Pin To Net: NetName=2 Pin=2-2
Added Pin To Net: NetName=GND Pin=2-3
Added Pin To Net: NetName=2 Pin=2-4
Added Pin To Net: NetName=2- Pin=2-5
Added Pin To Net: NetName=2+ Pin=2-7
Added Pin To Net: NetName=3 Pin=3-2
Added Pin To Net: NetName=GND Pin=3-3
Added Pin To Net: NetName=3 Pin=3-4
Added Pin To Net: NetName=3- Pin=3-5
Added Pin To Net: NetName=3+ Pin=3-7
Added Pin To Net: NetName=4 Pin=4-2
Added Pin To Net: NetName=GND Pin=4-3
Added Pin To Net: NetName=4 Pin=4-4
Added Pin To Net: NetName=4- Pin=4-5
Added Pin To Net: NetName=4+ Pin=4-7
Added Pin To Net: NetName=5 Pin=5-2
Added Pin To Net: NetName=GND Pin=5-3
Added Pin To Net: NetName=5 Pin=5-4
Added Pin To Net: NetName=5- Pin=5-5
Added Pin To Net: NetName=5+ Pin=5-7
Added Pin To Net: NetName=6 Pin=6-2
Added Pin To Net: NetName=GND Pin=6-3
Added Pin To Net: NetName=6 Pin=6-4
Added Pin To Net: NetName=6- Pin=6-5
Added Pin To Net: NetName=6+ Pin=6-7
Added Pin To Net: NetName=7 Pin=7-2
Added Pin To Net: NetName=GND Pin=7-3
Added Pin To Net: NetName=7 Pin=7-4
Added Pin To Net: NetName=7- Pin=7-5
Added Pin To Net: NetName=7+ Pin=7-7
Added Pin To Net: NetName=8 Pin=8-2
Added Pin To Net: NetName=GND Pin=8-3
Added Pin To Net: NetName=8 Pin=8-4
Added Pin To Net: NetName=8- Pin=8-5
Added Pin To Net: NetName=8+ Pin=8-7
Added Pin To Net: NetName=9 Pin=9-2
Added Pin To Net: NetName=GND Pin=9-3
Added Pin To Net: NetName=9 Pin=9-4
Added Pin To Net: NetName=9- Pin=9-5
Added Pin To Net: NetName=9+ Pin=9-7
Added Pin To Net: NetName=10 Pin=10-2
Added Pin To Net: NetName=GND Pin=10-3
Added Pin To Net: NetName=10 Pin=10-4
Added Pin To Net: NetName=10- Pin=10-5
Added Pin To Net: NetName=10+ Pin=10-7
Added Pin To Net: NetName=11 Pin=11-2
Added Pin To Net: NetName=GND Pin=11-3
Added Pin To Net: NetName=11 Pin=11-4
Added Pin To Net: NetName=11- Pin=11-5
Added Pin To Net: NetName=11+ Pin=11-7
Added Pin To Net: NetName=12 Pin=12-2
Added Pin To Net: NetName=GND Pin=12-3
Added Pin To Net: NetName=12 Pin=12-4
Added Pin To Net: NetName=12- Pin=12-5
Added Pin To Net: NetName=12+ Pin=12-7
Added Pin To Net: NetName=1+ Pin=Connector1-1
Added Pin To Net: NetName=2+ Pin=Connector1-2
Added Pin To Net: NetName=3+ Pin=Connector1-3
Added Pin To Net: NetName=4+ Pin=Connector1-4
Added Pin To Net: NetName=1- Pin=Connector1-5
Added Pin To Net: NetName=2- Pin=Connector1-6
Added Pin To Net: NetName=3- Pin=Connector1-7
Added Pin To Net: NetName=4- Pin=Connector1-8
Added Pin To Net: NetName=5+ Pin=Connector2-1
Added Pin To Net: NetName=6+ Pin=Connector2-2
Added Pin To Net: NetName=7+ Pin=Connector2-3
Added Pin To Net: NetName=8+ Pin=Connector2-4
Added Pin To Net: NetName=5- Pin=Connector2-5
Added Pin To Net: NetName=6- Pin=Connector2-6
Added Pin To Net: NetName=7- Pin=Connector2-7
Added Pin To Net: NetName=8- Pin=Connector2-8
Added Pin To Net: NetName=9+ Pin=Connector3-1
Added Pin To Net: NetName=10+ Pin=Connector3-2
Added Pin To Net: NetName=11+ Pin=Connector3-3
Added Pin To Net: NetName=12+ Pin=Connector3-4
Added Pin To Net: NetName=9- Pin=Connector3-5
Added Pin To Net: NetName=10- Pin=Connector3-6
Added Pin To Net: NetName=11- Pin=Connector3-7
Added Pin To Net: NetName=12- Pin=Connector3-8
Added Pin To Net: NetName=Net1_6 Pin=1-6
Added Net: Name=Net1_6
Added Pin To Net: NetName=Net2_6 Pin=2-6
Added Net: Name=Net2_6
Added Pin To Net: NetName=Net3_6 Pin=3-6
Added Net: Name=Net3_6
Added Pin To Net: NetName=Net4_6 Pin=4-6
Added Net: Name=Net4_6
Added Pin To Net: NetName=Net5_6 Pin=5-6
Added Net: Name=Net5_6
Added Pin To Net: NetName=Net6_6 Pin=6-6
Added Net: Name=Net6_6
Added Pin To Net: NetName=Net7_6 Pin=7-6
Added Net: Name=Net7_6
Added Pin To Net: NetName=Net8_6 Pin=8-6
Added Net: Name=Net8_6
Added Pin To Net: NetName=Net9_6 Pin=9-6
Added Net: Name=Net9_6
Added Pin To Net: NetName=Net10_6 Pin=10-6
Added Net: Name=Net10_6
Added Pin To Net: NetName=Net11_6 Pin=11-6
Added Net: Name=Net11_6
Added Pin To Net: NetName=Net12_6 Pin=12-6
Added Net: Name=Net12_6
Added Member To Class: ClassName=Final Design Member=Component * TM4C123GH6PM
Added Member To Class: ClassName=Final Design Member=Component 1.1 Capacitor
Added Member To Class: ClassName=Final Design Member=Component 1.2 Capacitor
Added Member To Class: ClassName=Final Design Member=Component 1 TC4428
Added Member To Class: ClassName=Final Design Member=Component 2.1 Capacitor
Added Member To Class: ClassName=Final Design Member=Component 2.2 Capacitor
Added Member To Class: ClassName=Final Design Member=Component 2 TC4428
Added Member To Class: ClassName=Final Design Member=Component 3.1 Capacitor
Added Member To Class: ClassName=Final Design Member=Component 3.2 Capacitor
Added Member To Class: ClassName=Final Design Member=Component 3 TC4428
Added Member To Class: ClassName=Final Design Member=Component 4.1 Capacitor
Added Member To Class: ClassName=Final Design Member=Component 4.2 Capacitor
Added Member To Class: ClassName=Final Design Member=Component 4 TC4428
Added Member To Class: ClassName=Final Design Member=Component 5.1 Capacitor
Added Member To Class: ClassName=Final Design Member=Component 5.2 Capacitor
Added Member To Class: ClassName=Final Design Member=Component 5 TC4428
Added Member To Class: ClassName=Final Design Member=Component 6.1 Capacitor
Added Member To Class: ClassName=Final Design Member=Component 6.2 Capacitor
Added Member To Class: ClassName=Final Design Member=Component 6 TC4428
Added Member To Class: ClassName=Final Design Member=Component 7.1 Capacitor
Added Member To Class: ClassName=Final Design Member=Component 7.2 Capacitor
Added Member To Class: ClassName=Final Design Member=Component 7 TC4428
Added Member To Class: ClassName=Final Design Member=Component 8.1 Capacitor
Added Member To Class: ClassName=Final Design Member=Component 8.2 Capacitor
Added Member To Class: ClassName=Final Design Member=Component 8 TC4428
Added Member To Class: ClassName=Final Design Member=Component 9.1 Capacitor
Added Member To Class: ClassName=Final Design Member=Component 9.2 Capacitor
Added Member To Class: ClassName=Final Design Member=Component 9 TC4428
Added Member To Class: ClassName=Final Design Member=Component 10.1 Capacitor
Added Member To Class: ClassName=Final Design Member=Component 10.2 Capacitor
Added Member To Class: ClassName=Final Design Member=Component 10 TC4428
Added Member To Class: ClassName=Final Design Member=Component 11.1 Capacitor
Added Member To Class: ClassName=Final Design Member=Component 11.2 Capacitor
Added Member To Class: ClassName=Final Design Member=Component 11 TC4428
Added Member To Class: ClassName=Final Design Member=Component 12.1 Capacitor
Added Member To Class: ClassName=Final Design Member=Component 12.2 Capacitor
Added Member To Class: ClassName=Final Design Member=Component 12 TC4428
Added Member To Class: ClassName=Final Design Member=Component Connector1 Connector
Added Member To Class: ClassName=Final Design Member=Component Connector2 Connector
Added Member To Class: ClassName=Final Design Member=Component Connector3 Connector
