Change Component Designator: OldDesignator=0.1uF_1 NewDesignator=0.1_1
Change Component Designator: OldDesignator=0.1uF_2 NewDesignator=0.1_2
Change Component Designator: OldDesignator=0.1uF_3 NewDesignator=0.1_3
Change Component Designator: OldDesignator=0.1uF_4 NewDesignator=0.1_4
Change Component Designator: OldDesignator=0.1uF_5 NewDesignator=0.1_5
Change Component Designator: OldDesignator=0.1uF_6 NewDesignator=0.1_6
Change Component Designator: OldDesignator=0.1uF_8 NewDesignator=0.1_7
Change Component Designator: OldDesignator=0.1uF_9 NewDesignator=0.1_8
Change Component Designator: OldDesignator=0.1uF_10 NewDesignator=0.1_9
Change Component Designator: OldDesignator=0.1uF_11 NewDesignator=0.1_10
Change Component Designator: OldDesignator=0.1uf_12 NewDesignator=0.1_11
Change Component Designator: OldDesignator=4.7uF_1 NewDesignator=4.7_1
Change Component Designator: OldDesignator=4.7uF_2 NewDesignator=4.7_2
Change Component Designator: OldDesignator=4.7uF_3 NewDesignator=4.7_3
Change Component Designator: OldDesignator=4.7uF_4 NewDesignator=4.7_4
Change Component Designator: OldDesignator=4.7uF_5 NewDesignator=4.7_5
Change Component Designator: OldDesignator=4.7uF_6 NewDesignator=4.7_6
Change Component Designator: OldDesignator=4.7uF_7 NewDesignator=4.7_7
Change Component Designator: OldDesignator=4.7uF_8 NewDesignator=4.7_8
Change Component Designator: OldDesignator=4.7uF_9 NewDesignator=4.7_9
Change Component Designator: OldDesignator=4.7uF_10 NewDesignator=4.7_10
Change Component Designator: OldDesignator=4.7uF_11 NewDesignator=4.7_11
Change Component Designator: OldDesignator=4.7uF_12 NewDesignator=4.7_12
Change Component Designator: OldDesignator=Capacitor NewDesignator=0.1_12
Added Pin To Net: NetName=Net0.1_1_pin+ Pin=TC4428_1-6
Added Net: Name=Net0.1_1_pin+
Added Pin To Net: NetName=Net0.1_2_pin+ Pin=TC4428_2-6
Added Net: Name=Net0.1_2_pin+
Added Pin To Net: NetName=Net0.1_3_pin+ Pin=TC4428_3-6
Added Net: Name=Net0.1_3_pin+
Added Pin To Net: NetName=Net0.1_4_pin+ Pin=TC4428_4-6
Added Net: Name=Net0.1_4_pin+
Added Pin To Net: NetName=Net0.1_5_pin+ Pin=TC4428_5-6
Added Net: Name=Net0.1_5_pin+
Added Pin To Net: NetName=Net0.1_6_pin+ Pin=TC4428_6-6
Added Net: Name=Net0.1_6_pin+
Added Pin To Net: NetName=Net0.1_7_pin+ Pin=TC4428_7-6
Added Net: Name=Net0.1_7_pin+
Added Pin To Net: NetName=Net0.1_8_pin+ Pin=TC4428_8-6
Added Net: Name=Net0.1_8_pin+
Added Pin To Net: NetName=Net0.1_9_pin+ Pin=TC4428_9-6
Added Net: Name=Net0.1_9_pin+
Added Pin To Net: NetName=Net0.1_10_pin+ Pin=TC4428_10-6
Added Net: Name=Net0.1_10_pin+
Added Pin To Net: NetName=Net0.1_11_pin+ Pin=TC4428_11-6
Added Net: Name=Net0.1_11_pin+
Added Pin To Net: NetName=Net0.1_12_pin+ Pin=TC4428_12-6
Added Net: Name=Net0.1_12_pin+
